indicator	description
postmaster@return--path.com	bad-mailfrom
Andrew Danis <andrew.danis@outlook.com>	bad-sender 
http://church.solutions/jsss/login.bancochile/bancochile-web/persona/login/error.htm 	bad_url
http://church.solutions/jsss/login.bancochile/bancochile-web/persona/confirm/I/ 	bad_url
http://church.solutions/jsss/login.bancochile/bancochile-web/persona/confirm/II/ 	bad_url
http://vvsqlxqbum.generalqyq.com/apply.php 	bad_url
http://lhgouvnfbg.generalqyq.com/apply.php 	bad_url
http://www.fb-support-us.com/app-secoure.htm 	bad_url
http://www.fb-support-us.com/update_scure.htm 	bad_url
http://217.61.22.103/securpass-BP/497f8ce2a107450b38ecf99860bcd652NWJiNjUyOGQyZGI5MTVjZTA2Zjg0MzczYTU4ZDFkNWI= 	bad_url
http://217.61.22.103/securpass-BP/497f8ce2a107450b38ecf99860bcd652NWJiNjUyOGQyZGI5MTVjZTA2Zjg0MzczYTU4ZDFkNWI=/full.php 	bad_url
https://rickbuyshomesfast.com/assets/scanned/Doc/securedPdf/iii.html 	bad_url
http://bostonianweddings.com/real/pass.php 	bad_url
http://johnjmmolloy.5gbfree.com/uedw/Indexxatt.htm 	bad_url
http://luceatcounseling.com/secureddocument/onedrive_file/xb/LL1.htm 	bad_url
http://www.eencouragement.ca/a48418a15e8113d7c0fd82872ea35509?login=&.verify?service=mail&data:text/html;charset=utf-8;base64,PGh0bWw+DQo8c3R5bGU+IGJvZHkgeyBtYXJnaW46IDA7IG92ZXJmbG93OiBoaWRkZW47IH0gPC9zdHlsZT4NCiAgPGlmcmFt 	bad_url
http://www.eencouragement.ca/a1a86b1929b9b36c61064621c987a0be/?login=&.verify?service=mail&data:text/html;charset=utf-8;base64,PGh0bWw+DQo8c3R5bGU+IGJvZHkgeyBtYXJnaW46IDA7IG92ZXJmbG93OiBoaWRkZW47IH0gPC9zdHlsZT4NCiAgPGlmcmFt 	bad_url
http://educate.nut.cc/sew/Indexxatt.htm 	bad_url
http://hdgdhd37.beget.tech/agsms/1f48b/ 	bad_url
http://hdgdhd37.beget.tech/agsms/1f48b/index2.html 	bad_url
http://hdgdhd37.beget.tech/agsms/c35f7/ 	bad_url
http://hdgdhd37.beget.tech/agsms/c35f7/index2.html 	bad_url
http://hdgdhd37.beget.tech/agsms/e4550/ 	bad_url
http://hdgdhd37.beget.tech/agsms/e4550/index2.html 	bad_url
http://biancamodaintima.com.br/secure.ingdirect.fr/lngdirect/62e83 	bad_url
http://biancamodaintima.com.br/secure.ingdirect.fr/lngdirect/62e83/index2.html 	bad_url
http://biancamodaintima.com.br/secure.ingdirect.fr/lngdirect/62e83/index3.html 	bad_url
http://www.cherilovell.com/-/billinfo/v3/bankofamerica-confirm-your-email.php 	bad_url
http://www.eencouragement.ca/c37710779ee5b9ed9ead467a4bcef25a/?login=&.verify?service=mail&data:text/html 	bad_url
http://www.neuflceonline.com/FMfcgxvwzvFlWPVqcRh/FtwppqXBGRPTj/70a5cb5eafc2c874e5e3ddaceb81a7e1/payprofile.php 	bad_url
http://www.neuflceonline.com/FMfcgxvwzvFlWPVqcRh/FtwppqXBGRPTj/70a5cb5eafc2c874e5e3ddaceb81a7e1/profileinfo.php 	bad_url
http://www.neuflceonline.com/FMfcgxvwzvFlWPVqcRh/FtwppqXBGRPTj/70a5cb5eafc2c874e5e3ddaceb81a7e1/out/ 	bad_url
https://afif-bahnassi.com/closingdisclosure 	bad_url
https://afif-bahnassi.com/closingdisclosure/index2.php 	bad_url
https://afif-bahnassi.com/closingdisclosure/page2.php 	bad_url
http://chagii.org/domain/?domain=koenlandmanfransharms.info 	bad_url
http://www.flaset.com/Oath/yahoo/image.htm 	bad_url
http://smartchart.com.sa/wuh/Olk/login.php 	bad_url
http://smartchart.com.sa/wuh/Olk/step2.php 	bad_url
http://bootcampforbroncs.com/aol 	bad_url
http://cospages.000webhostapp.com/security_help.htm 	bad_url
https://titenium.cf/gued/att/attiinnddeexx.php 	bad_url
https://tracymae.gb.net/b/disco/dicoverupdate96940loginverifificaion969499update95949accountlogininfoverify603940000000000000loginattempt94495login99595999999999999999995898488580000000000000000000000000/1/ 	bad_url
https://amalpp.ae/pay0/cibc/bank/index.php 	bad_url
https://amalpp.ae/pay0/cibc/bank/billing2.php 	bad_url
http://www.eencouragement.ca/aa11f50c53f6a45da29bdae5d9b1398d?login=&.verify?service=mail&data:text/html;charset=utf-8;base64,PGh0bWw+DQo8c3R5bGU+IGJvZHkgeyBtYXJnaW46IDA7IG92ZXJmbG93OiBoaWRkZW47IH0gPC9zdHlsZT4NCiAgPGlmcmFt 	bad_url
http://www.eencouragement.ca/8b772456e2403d6c10f52ad1991d4ce5/?login=&.verify?service=mail&data:text/html;charset=utf-8;base64,PGh0bWw+DQo8c3R5bGU+IGJvZHkgeyBtYXJnaW46IDA7IG92ZXJmbG93OiBoaWRkZW47IH0gPC9zdHlsZT4NCiAgPGlmcmFt 	bad_url
http://www.eencouragement.ca/b8f7f009c0f9570c5762f07ab31307ea?login=&.verify?service=mail&data:text/html;charset=utf-8;base64,PGh0bWw+DQo8c3R5bGU+IGJvZHkgeyBtYXJnaW46IDA7IG92ZXJmbG93OiBoaWRkZW47IH0gPC9zdHlsZT4NCiAgPGlmcmFt 	bad_url
http://217.61.22.165/securpass-BP/b96af6658f7ed421920b13e44cfe1706OGJlZTY4NDI5YjM2OWY5NmJjMWVmN2E3YWQwMTBmYmQ= 	bad_url
http://217.61.22.165/securpass-BP/b96af6658f7ed421920b13e44cfe1706OGJlZTY4NDI5YjM2OWY5NmJjMWVmN2E3YWQwMTBmYmQ=/full.php 	bad_url
http://termilinegarivares.com/de5d6a7806089f06f5fefbcf9d8f66ee71987ehvfefyev5R3U63JVU33U53D5VD3D355DJY52D52D22V2B22F2F2IF22F 	bad_url
http://217.61.22.165/securpass-BP/0d5252cc723c0aa6a1db0d6e2515b1aaY2MyZGE2YTM1NzdhYTdhMTcwNWRlY2QxZmJhNDk4MjY=/full.php 	bad_url
http://217.61.22.165/securpass-BP/df4a6e9f568b9b85f5ac974e53a5b449Mzk4OGFlNWRjNDk4ODE0Mjg0YTI3ZmEyZDI1ZDA4MDU=/ 	bad_url
http://217.61.22.165/securpass-BP/df4a6e9f568b9b85f5ac974e53a5b449Mzk4OGFlNWRjNDk4ODE0Mjg0YTI3ZmEyZDI1ZDA4MDU=/full.php 	bad_url
http://www.page-log-in.ml/facebook/login-account.html 	bad_url
http://www.page-log-in.ml/facebook/wrong.html 	bad_url
http://www.page-log-in.ml/facebook/question.html 	bad_url
